<?xml version="1.0" encoding="UTF-8"?>
<testng-results ignored="0" total="1" passed="1" failed="0" skipped="0">
  <reporter-output>
  </reporter-output>
  <suite started-at="2026-07-09T19:54:49 IST" name="Suite" finished-at="2026-07-09T19:54:49 IST" duration-ms="94">
    <groups>
      <group name="regression">
        <method signature="DemoTest1$DemoTest.movieTest()[pri:0, instance:Demo.DemoTest1$DemoTest@443118b0]" name="movieTest" class="Demo.DemoTest1$DemoTest"/>
      </group> <!-- regression -->
    </groups>
    <test started-at="2026-07-09T19:54:49 IST" name="Test" finished-at="2026-07-09T19:54:49 IST" duration-ms="94">
      <class name="Demo.DemoTest1$DemoTest">
        <test-method signature="movieTest()[pri:0, instance:Demo.DemoTest1$DemoTest@443118b0]" started-at="2026-07-09T19:54:49 IST" name="movieTest" finished-at="2026-07-09T19:54:49 IST" duration-ms="19" status="PASS">
          <reporter-output>
          </reporter-output>
        </test-method> <!-- movieTest -->
      </class> <!-- Demo.DemoTest1$DemoTest -->
    </test> <!-- Test -->
  </suite> <!-- Suite -->
</testng-results>
