<?xml version="1.0" encoding="UTF-8"?>
<testng-results ignored="0" total="1" passed="1" failed="0" skipped="0">
  <reporter-output>
  </reporter-output>
  <suite started-at="2026-07-14T19:34:35 IST" name="Suite" finished-at="2026-07-14T19:34:35 IST" duration-ms="156">
    <groups>
      <group name="smoke">
        <method signature="DemoTest.movieTest()[pri:0, instance:Demo.DemoTest@65fb9ffc]" name="movieTest" class="Demo.DemoTest"/>
      </group> <!-- smoke -->
    </groups>
    <test started-at="2026-07-14T19:34:35 IST" name="Test" finished-at="2026-07-14T19:34:35 IST" duration-ms="156">
      <class name="Demo.DemoTest">
        <test-method signature="movieTest()[pri:0, instance:Demo.DemoTest@65fb9ffc]" started-at="2026-07-14T19:34:35 IST" name="movieTest" finished-at="2026-07-14T19:34:35 IST" duration-ms="33" status="PASS">
          <reporter-output>
          </reporter-output>
        </test-method> <!-- movieTest -->
      </class> <!-- Demo.DemoTest -->
    </test> <!-- Test -->
  </suite> <!-- Suite -->
</testng-results>
